-------------------------------------------------------------------------------
Test set: com.example.weather_monitoring.WeatherMonitoringApplicationTests
-------------------------------------------------------------------------------
Tests run: 5, Failures: 0, Errors: 5, Skipped: 0, Time elapsed: 8.616 s <<< FAILURE! - in com.example.weather_monitoring.WeatherMonitoringApplicationTests
testAlertTrigger  Time elapsed: 0.002 s  <<< ERROR!
java.lang.IllegalStateException: Failed to load ApplicationContext
Caused by: org.springframework.beans.factory.BeanCreationException: Error creating bean with name 'entityManagerFactory' defined in class path resource [org/springframework/boot/autoconfigure/orm/jpa/HibernateJpaConfiguration.class]: Invocation of init method failed; nested exception is org.hibernate.AnnotationException: No identifier specified for entity: com.example.weather_monitoring.DTO.AlertDTO
Caused by: org.hibernate.AnnotationException: No identifier specified for entity: com.example.weather_monitoring.DTO.AlertDTO

testFetchWeatherData  Time elapsed: 0 s  <<< ERROR!
java.lang.IllegalStateException: Failed to load ApplicationContext
Caused by: org.springframework.beans.factory.BeanCreationException: Error creating bean with name 'entityManagerFactory' defined in class path resource [org/springframework/boot/autoconfigure/orm/jpa/HibernateJpaConfiguration.class]: Invocation of init method failed; nested exception is org.hibernate.AnnotationException: No identifier specified for entity: com.example.weather_monitoring.DTO.AlertDTO
Caused by: org.hibernate.AnnotationException: No identifier specified for entity: com.example.weather_monitoring.DTO.AlertDTO

contextLoads  Time elapsed: 0 s  <<< ERROR!
java.lang.IllegalStateException: Failed to load ApplicationContext
Caused by: org.springframework.beans.factory.BeanCreationException: Error creating bean with name 'entityManagerFactory' defined in class path resource [org/springframework/boot/autoconfigure/orm/jpa/HibernateJpaConfiguration.class]: Invocation of init method failed; nested exception is org.hibernate.AnnotationException: No identifier specified for entity: com.example.weather_monitoring.DTO.AlertDTO
Caused by: org.hibernate.AnnotationException: No identifier specified for entity: com.example.weather_monitoring.DTO.AlertDTO

testDailyWeatherSummary  Time elapsed: 0 s  <<< ERROR!
java.lang.IllegalStateException: Failed to load ApplicationContext
Caused by: org.springframework.beans.factory.BeanCreationException: Error creating bean with name 'entityManagerFactory' defined in class path resource [org/springframework/boot/autoconfigure/orm/jpa/HibernateJpaConfiguration.class]: Invocation of init method failed; nested exception is org.hibernate.AnnotationException: No identifier specified for entity: com.example.weather_monitoring.DTO.AlertDTO
Caused by: org.hibernate.AnnotationException: No identifier specified for entity: com.example.weather_monitoring.DTO.AlertDTO

testTemperatureConversion  Time elapsed: 0 s  <<< ERROR!
java.lang.IllegalStateException: Failed to load ApplicationContext
Caused by: org.springframework.beans.factory.BeanCreationException: Error creating bean with name 'entityManagerFactory' defined in class path resource [org/springframework/boot/autoconfigure/orm/jpa/HibernateJpaConfiguration.class]: Invocation of init method failed; nested exception is org.hibernate.AnnotationException: No identifier specified for entity: com.example.weather_monitoring.DTO.AlertDTO
Caused by: org.hibernate.AnnotationException: No identifier specified for entity: com.example.weather_monitoring.DTO.AlertDTO

